<component name="libraryTable">
  <library name="junit-jupiter-5.4.2">
    <CLASSES>
      <root url="jar://$USER_HOME$/Downloads/junit-jupiter-5.4.2.jar!/" />
      <root url="jar://$USER_HOME$/Downloads/apache-maven-3.6.3-bin.zip!/" />
    </CLASSES>
    <JAVADOC />
    <SOURCES />
  </library>
</component>